<?xml version="1.0" encoding="UTF-8"?>
<testsuite name="microserviceAttraction.services.AttractionServiceTest" tests="1" skipped="0" failures="0" errors="0" timestamp="2022-03-07T15:41:18" hostname="F_WARMACHINE" time="0.881">
  <properties/>
  <testcase name="findFiveClosestTouristAttractionsTest()" classname="microserviceAttraction.services.AttractionServiceTest" time="0.881"/>
  <system-out><![CDATA[16:41:14.014 [Test worker] DEBUG org.springframework.test.context.BootstrapUtils - Instantiating CacheAwareContextLoaderDelegate from class [org.springframework.test.context.cache.DefaultCacheAwareContextLoaderDelegate]
16:41:14.046 [Test worker] DEBUG org.springframework.test.context.BootstrapUtils - Instantiating BootstrapContext using constructor [public org.springframework.test.context.support.DefaultBootstrapContext(java.lang.Class,org.springframework.test.context.CacheAwareContextLoaderDelegate)]
16:41:14.143 [Test worker] DEBUG org.springframework.test.context.BootstrapUtils - Instantiating TestContextBootstrapper for test class [microserviceAttraction.services.AttractionServiceTest] from class [org.springframework.boot.test.context.SpringBootTestContextBootstrapper]
16:41:14.173 [Test worker] INFO org.springframework.boot.test.context.SpringBootTestContextBootstrapper - Neither @ContextConfiguration nor @ContextHierarchy found for test class [microserviceAttraction.services.AttractionServiceTest], using SpringBootContextLoader
16:41:14.185 [Test worker] DEBUG org.springframework.test.context.support.AbstractContextLoader - Did not detect default resource location for test class [microserviceAttraction.services.AttractionServiceTest]: class path resource [microserviceAttraction/services/AttractionServiceTest-context.xml] does not exist
16:41:14.186 [Test worker] DEBUG org.springframework.test.context.support.AbstractContextLoader - Did not detect default resource location for test class [microserviceAttraction.services.AttractionServiceTest]: class path resource [microserviceAttraction/services/AttractionServiceTestContext.groovy] does not exist
16:41:14.187 [Test worker] INFO org.springframework.test.context.support.AbstractContextLoader - Could not detect default resource locations for test class [microserviceAttraction.services.AttractionServiceTest]: no resource found for suffixes {-context.xml, Context.groovy}.
16:41:14.189 [Test worker] INFO org.springframework.test.context.support.AnnotationConfigContextLoaderUtils - Could not detect default configuration classes for test class [microserviceAttraction.services.AttractionServiceTest]: AttractionServiceTest does not declare any static, non-private, non-final, nested classes annotated with @Configuration.
16:41:14.280 [Test worker] DEBUG org.springframework.test.context.support.ActiveProfilesUtils - Could not find an 'annotation declaring class' for annotation type [org.springframework.test.context.ActiveProfiles] and class [microserviceAttraction.services.AttractionServiceTest]
16:41:14.422 [Test worker] DEBUG org.springframework.context.annotation.ClassPathScanningCandidateComponentProvider - Identified candidate component class: file [E:\Users\Francky Malliet\git\TourGuide\JavaPathENProject8\microservice-attraction\build\classes\java\main\microserviceAttraction\MicroserviceAttractionApplication.class]
16:41:14.423 [Test worker] INFO org.springframework.boot.test.context.SpringBootTestContextBootstrapper - Found @SpringBootConfiguration microserviceAttraction.MicroserviceAttractionApplication for test class microserviceAttraction.services.AttractionServiceTest
16:41:14.659 [Test worker] DEBUG org.springframework.boot.test.context.SpringBootTestContextBootstrapper - @TestExecutionListeners is not present for class [microserviceAttraction.services.AttractionServiceTest]: using defaults.
16:41:14.660 [Test worker] INFO org.springframework.boot.test.context.SpringBootTestContextBootstrapper - Loaded default TestExecutionListener class names from location [META-INF/spring.factories]: [org.springframework.boot.test.autoconfigure.restdocs.RestDocsTestExecutionListener, org.springframework.boot.test.autoconfigure.web.client.MockRestServiceServerResetTestExecutionListener, org.springframework.boot.test.autoconfigure.web.servlet.MockMvcPrintOnlyOnFailureTestExecutionListener, org.springframework.boot.test.autoconfigure.web.servlet.WebDriverTestExecutionListener, org.springframework.boot.test.autoconfigure.webservices.client.MockWebServiceServerTestExecutionListener, org.springframework.boot.test.mock.mockito.MockitoTestExecutionListener, org.springframework.boot.test.mock.mockito.ResetMocksTestExecutionListener, org.springframework.test.context.web.ServletTestExecutionListener, org.springframework.test.context.support.DirtiesContextBeforeModesTestExecutionListener, org.springframework.test.context.event.ApplicationEventsTestExecutionListener, org.springframework.test.context.support.DependencyInjectionTestExecutionListener, org.springframework.test.context.support.DirtiesContextTestExecutionListener, org.springframework.test.context.transaction.TransactionalTestExecutionListener, org.springframework.test.context.jdbc.SqlScriptsTestExecutionListener, org.springframework.test.context.event.EventPublishingTestExecutionListener]
16:41:14.689 [Test worker] DEBUG org.springframework.boot.test.context.SpringBootTestContextBootstrapper - Skipping candidate TestExecutionListener [org.springframework.test.context.transaction.TransactionalTestExecutionListener] due to a missing dependency. Specify custom listener classes or make the default listener classes and their required dependencies available. Offending class: [org/springframework/transaction/interceptor/TransactionAttributeSource]
16:41:14.690 [Test worker] DEBUG org.springframework.boot.test.context.SpringBootTestContextBootstrapper - Skipping candidate TestExecutionListener [org.springframework.test.context.jdbc.SqlScriptsTestExecutionListener] due to a missing dependency. Specify custom listener classes or make the default listener classes and their required dependencies available. Offending class: [org/springframework/transaction/interceptor/TransactionAttribute]
16:41:14.692 [Test worker] INFO org.springframework.boot.test.context.SpringBootTestContextBootstrapper - Using TestExecutionListeners: [org.springframework.test.context.web.ServletTestExecutionListener@295524ac, org.springframework.test.context.support.DirtiesContextBeforeModesTestExecutionListener@29c96945, org.springframework.test.context.event.ApplicationEventsTestExecutionListener@6e4891c, org.springframework.boot.test.mock.mockito.MockitoTestExecutionListener@74591c38, org.springframework.boot.test.autoconfigure.SpringBootDependencyInjectionTestExecutionListener@7429365b, org.springframework.test.context.support.DirtiesContextTestExecutionListener@1648eada, org.springframework.test.context.event.EventPublishingTestExecutionListener@34c62d66, org.springframework.boot.test.autoconfigure.restdocs.RestDocsTestExecutionListener@8424f1a, org.springframework.boot.test.autoconfigure.web.client.MockRestServiceServerResetTestExecutionListener@35643ba7, org.springframework.boot.test.autoconfigure.web.servlet.MockMvcPrintOnlyOnFailureTestExecutionListener@642b09eb, org.springframework.boot.test.autoconfigure.web.servlet.WebDriverTestExecutionListener@6183a515, org.springframework.boot.test.autoconfigure.webservices.client.MockWebServiceServerTestExecutionListener@7ba31ca0, org.springframework.boot.test.mock.mockito.ResetMocksTestExecutionListener@6f8eb970]
16:41:14.701 [Test worker] DEBUG org.springframework.test.context.support.AbstractDirtiesContextTestExecutionListener - Before test class: context [DefaultTestContext@68248cde testClass = AttractionServiceTest, testInstance = [null], testMethod = [null], testException = [null], mergedContextConfiguration = [WebMergedContextConfiguration@747d2876 testClass = AttractionServiceTest, locations = '{}', classes = '{class microserviceAttraction.MicroserviceAttractionApplication}', contextInitializerClasses = '[]', activeProfiles = '{}', propertySourceLocations = '{}', propertySourceProperties = '{org.springframework.boot.test.context.SpringBootTestContextBootstrapper=true}', contextCustomizers = set[org.springframework.boot.test.autoconfigure.actuate.metrics.MetricsExportContextCustomizerFactory$DisableMetricExportContextCustomizer@368169c0, org.springframework.boot.test.autoconfigure.properties.PropertyMappingContextCustomizer@0, org.springframework.boot.test.autoconfigure.web.servlet.WebDriverContextCustomizerFactory$Customizer@6a1c66a1, org.springframework.boot.test.context.filter.ExcludeFilterContextCustomizer@6a21b862, org.springframework.boot.test.json.DuplicateJsonObjectContextCustomizerFactory$DuplicateJsonObjectContextCustomizer@6356a558, org.springframework.boot.test.mock.mockito.MockitoContextCustomizer@0, org.springframework.boot.test.web.client.TestRestTemplateContextCustomizer@6f4b39ed, org.springframework.boot.test.context.SpringBootTestArgs@1, org.springframework.boot.test.context.SpringBootTestWebEnvironment@47129eed], resourceBasePath = 'src/main/webapp', contextLoader = 'org.springframework.boot.test.context.SpringBootContextLoader', parent = [null]], attributes = map['org.springframework.test.context.web.ServletTestExecutionListener.activateListener' -> true]], class annotated with @DirtiesContext [false] with mode [null].

  .   ____          _            __ _ _
 /\\ / ___'_ __ _ _(_)_ __  __ _ \ \ \ \
( ( )\___ | '_ | '_| | '_ \/ _` | \ \ \ \
 \\/  ___)| |_)| | | | | || (_| |  ) ) ) )
  '  |____| .__|_| |_|_| |_\__, | / / / /
 =========|_|==============|___/=/_/_/_/
 :: Spring Boot ::                (v2.6.3)

2022-03-07 16:41:15.323  INFO 16472 --- [    Test worker] m.services.AttractionServiceTest         : Starting AttractionServiceTest using Java 16.0.1 on F_WarMachine with PID 16472 (started by Francky Malliet in E:\Users\Francky Malliet\git\TourGuide\JavaPathENProject8\microservice-attraction)
2022-03-07 16:41:15.325  INFO 16472 --- [    Test worker] m.services.AttractionServiceTest         : No active profile set, falling back to default profiles: default
2022-03-07 16:41:18.807  INFO 16472 --- [    Test worker] o.s.b.a.e.web.EndpointLinksResolver      : Exposing 1 endpoint(s) beneath base path '/actuator'
2022-03-07 16:41:18.882  INFO 16472 --- [    Test worker] m.services.AttractionServiceTest         : Started AttractionServiceTest in 4.098 seconds (JVM running for 6.86)
2022-03-07 16:41:19.695  INFO 16472 --- [    Test worker] m.services.AttractionService             : Creating a list of attractions
2022-03-07 16:41:19.699  INFO 16472 --- [    Test worker] m.services.AttractionService             : Creating a list of attractions
2022-03-07 16:41:19.703  INFO 16472 --- [    Test worker] m.services.AttractionService             : Creating a list of attractions
2022-03-07 16:41:19.707  INFO 16472 --- [    Test worker] m.services.AttractionService             : Creating a list of attractions
2022-03-07 16:41:19.711  INFO 16472 --- [    Test worker] m.services.AttractionService             : Creating a list of attractions
2022-03-07 16:41:19.715  INFO 16472 --- [    Test worker] m.services.AttractionService             : Creating a list of attractions
2022-03-07 16:41:19.718  INFO 16472 --- [    Test worker] m.services.AttractionService             : Creating a list of attractions
2022-03-07 16:41:19.721  INFO 16472 --- [    Test worker] m.services.AttractionService             : Creating a list of attractions
2022-03-07 16:41:19.725  INFO 16472 --- [    Test worker] m.services.AttractionService             : Creating a list of attractions
2022-03-07 16:41:19.729  INFO 16472 --- [    Test worker] m.services.AttractionService             : Creating a list of attractions
2022-03-07 16:41:19.732  INFO 16472 --- [    Test worker] m.services.AttractionService             : Creating a list of attractions
2022-03-07 16:41:19.736  INFO 16472 --- [    Test worker] m.services.AttractionService             : Creating a list of attractions
2022-03-07 16:41:19.740  INFO 16472 --- [    Test worker] m.services.AttractionService             : Creating a list of attractions
2022-03-07 16:41:19.744  INFO 16472 --- [    Test worker] m.services.AttractionService             : Creating a list of attractions
2022-03-07 16:41:19.747  INFO 16472 --- [    Test worker] m.services.AttractionService             : Creating a list of attractions
2022-03-07 16:41:19.750  INFO 16472 --- [    Test worker] m.services.AttractionService             : Creating a list of attractions
2022-03-07 16:41:19.754  INFO 16472 --- [    Test worker] m.services.AttractionService             : Creating a list of attractions
2022-03-07 16:41:19.758  INFO 16472 --- [    Test worker] m.services.AttractionService             : Creating a list of attractions
2022-03-07 16:41:19.762  INFO 16472 --- [    Test worker] m.services.AttractionService             : Creating a list of attractions
2022-03-07 16:41:19.766  INFO 16472 --- [    Test worker] m.services.AttractionService             : Creating a list of attractions
2022-03-07 16:41:19.770  INFO 16472 --- [    Test worker] m.services.AttractionService             : Creating a list of attractions
2022-03-07 16:41:19.774  INFO 16472 --- [    Test worker] m.services.AttractionService             : Creating a list of attractions
2022-03-07 16:41:19.778  INFO 16472 --- [    Test worker] m.services.AttractionService             : Creating a list of attractions
2022-03-07 16:41:19.781  INFO 16472 --- [    Test worker] m.services.AttractionService             : Creating a list of attractions
2022-03-07 16:41:19.784  INFO 16472 --- [    Test worker] m.services.AttractionService             : Creating a list of attractions
2022-03-07 16:41:19.788  INFO 16472 --- [    Test worker] m.services.AttractionService             : Creating a list of attractions
2022-03-07 16:41:19.791  INFO 16472 --- [    Test worker] m.services.AttractionService             : Creating a list of attractions
2022-03-07 16:41:19.794  INFO 16472 --- [    Test worker] m.services.AttractionService             : Creating a list of attractions
]]></system-out>
  <system-err><![CDATA[]]></system-err>
</testsuite>
